
Showing logs for build [32mcb-kubecd-environment-pr-187-16-dksjg-1[0m stage [32mfrom-build-pack[0m and container [32mstep-credential-initializer-q4hz9[0m
{"level":"warn","ts":1585047777.7408242,"logger":"fallback-logger","caller":"logging/config.go:69","msg":"Fetch GitHub commit ID from kodata failed: \"ref: refs/heads/0.8.0-**-support-backwards-incompats\" is not a valid GitHub commit ID"}
{"level":"info","ts":1585047777.7415733,"logger":"fallback-logger","caller":"creds-init/main.go:40","msg":"Credentials initialized."}

Showing logs for build [32mcb-kubecd-environment-pr-187-16-dksjg-1[0m stage [32mfrom-build-pack[0m and container [32mstep-working-dir-initializer-cb9v2[0m
{"level":"warn","ts":1585047778.5064209,"logger":"fallback-logger","caller":"logging/config.go:69","msg":"Fetch GitHub commit ID from kodata failed: open /var/run/ko/HEAD: no such file or directory"}
{"level":"info","ts":1585047778.5082362,"logger":"fallback-logger","caller":"bash/main.go:64","msg":"Successfully executed command \"sh -c mkdir -p /workspace/source\"; output "}

Showing logs for build [32mcb-kubecd-environment-pr-187-16-dksjg-1[0m stage [32mfrom-build-pack[0m and container [32mstep-place-tools[0m

Showing logs for build [32mcb-kubecd-environment-pr-187-16-dksjg-1[0m stage [32mfrom-build-pack[0m and container [32mstep-git-source-cb-kubecd-environment-pr-187-16-dksjg-ndd7x[0m
{"level":"warn","ts":1585047783.5623739,"logger":"fallback-logger","caller":"logging/config.go:69","msg":"Fetch GitHub commit ID from kodata failed: \"ref: refs/heads/0.8.0-**-support-backwards-incompats\" is not a valid GitHub commit ID"}
{"level":"info","ts":1585047784.3066576,"logger":"fallback-logger","caller":"git/git.go:103","msg":"Successfully cloned https://github.com/cb-kubecd/environment-pr-187-161-boot-gke-staging.git @ master in path /workspace/source"}

Showing logs for build [32mcb-kubecd-environment-pr-187-16-dksjg-1[0m stage [32mfrom-build-pack[0m and container [32mstep-git-merge[0m
Using SHAs from PULL_REFS=master:1c3ebcc46a2f86e8644403166f0a2f740f7cc6b3,3:979eeaaf6ed070236ba5f3bfe663b130e3e76cad
DEBUG: JX_LOG_LEVEL=error LC_ALL=C git fetch origin --unshallow 979eeaaf6ed070236ba5f3bfe663b130e3e76cad: 1c3ebcc46a2f86e8644403166f0a2f740f7cc6b3:
DEBUG: ran git fetch --unshallow origin 979eeaaf6ed070236ba5f3bfe663b130e3e76cad: 1c3ebcc46a2f86e8644403166f0a2f740f7cc6b3: in 
DEBUG: LC_ALL=C JX_LOG_LEVEL=error git branch
DEBUG: LC_ALL=C JX_LOG_LEVEL=error git checkout master
DEBUG: ran git checkout master in 
DEBUG: LC_ALL=C JX_LOG_LEVEL=error git reset --hard 1c3ebcc46a2f86e8644403166f0a2f740f7cc6b3
DEBUG: ran git reset --hard 1c3ebcc46a2f86e8644403166f0a2f740f7cc6b3 in 
DEBUG: LC_ALL=C JX_LOG_LEVEL=error git clean -fd .
DEBUG: ran clean --force -d . in 
DEBUG: LC_ALL=C JX_LOG_LEVEL=error git merge 979eeaaf6ed070236ba5f3bfe663b130e3e76cad
DEBUG: ran git merge 979eeaaf6ed070236ba5f3bfe663b130e3e76cad in 
DEBUG: LC_ALL=C JX_LOG_LEVEL=error git log --format=%H%x1f%an%x1f%ae%x1f%cn%x1f%ce%x1f%s%n%b%x1e 1c3ebcc46a2f86e8644403166f0a2f740f7cc6b3..HEAD
Merged SHA 979eeaaf6ed070236ba5f3bfe663b130e3e76cad with commit message 'chore: Promote bdd-nh-1585046686 to version 0.0.1' into base branch master

Showing logs for build [32mcb-kubecd-environment-pr-187-16-dksjg-1[0m stage [32mfrom-build-pack[0m and container [32mstep-build-helm-build[0m
WARNING: No $CHART_REPOSITORY defined so using the default value of: http://jenkins-x-chartmuseum:8080
Adding missing Helm repo: storage.googleapis.com https://storage.googleapis.com/chartmuseum.jenkins-x.io
WARNING: No secrets found on "helm/repos" due: reading the secret "helm/repos" from vault: no secret "helm/repos" not found in vault
Read credentials for https://storage.googleapis.com/chartmuseum.jenkins-x.io from vault helm/repos
Successfully added Helm repository storage.googleapis.com.
Adding missing Helm repo: jenkins-x-chartmuseum http://jenkins-x-chartmuseum:8080
WARNING: No secrets found on "helm/repos" due: reading the secret "helm/repos" from vault: no secret "helm/repos" not found in vault
Read credentials for http://jenkins-x-chartmuseum:8080 from vault helm/repos
Successfully added Helm repository jenkins-x-chartmuseum.
WARNING: No $CHART_REPOSITORY defined so using the default value of: http://jenkins-x-chartmuseum:8080
Adding missing Helm repo: chartmuseum.jenkins-x.io http://chartmuseum.jenkins-x.io
WARNING: No secrets found on "helm/repos" due: reading the secret "helm/repos" from vault: no secret "helm/repos" not found in vault
Read credentials for http://chartmuseum.jenkins-x.io from vault helm/repos
Successfully added Helm repository chartmuseum.jenkins-x.io.
