
Showing logs for build [32mcb-kubecd-environment-pr-187-16-dj88p-1[0m stage [32mfrom-build-pack[0m and container [32mstep-credential-initializer-x52tt[0m
{"level":"warn","ts":1585047052.880866,"logger":"fallback-logger","caller":"logging/config.go:69","msg":"Fetch GitHub commit ID from kodata failed: \"ref: refs/heads/0.8.0-**-support-backwards-incompats\" is not a valid GitHub commit ID"}
{"level":"info","ts":1585047052.8818972,"logger":"fallback-logger","caller":"creds-init/main.go:40","msg":"Credentials initialized."}

Showing logs for build [32mcb-kubecd-environment-pr-187-16-dj88p-1[0m stage [32mfrom-build-pack[0m and container [32mstep-working-dir-initializer-q7rhz[0m
{"level":"warn","ts":1585047053.7921836,"logger":"fallback-logger","caller":"logging/config.go:69","msg":"Fetch GitHub commit ID from kodata failed: open /var/run/ko/HEAD: no such file or directory"}
{"level":"info","ts":1585047053.8006725,"logger":"fallback-logger","caller":"bash/main.go:64","msg":"Successfully executed command \"sh -c mkdir -p /workspace/source\"; output "}

Showing logs for build [32mcb-kubecd-environment-pr-187-16-dj88p-1[0m stage [32mfrom-build-pack[0m and container [32mstep-place-tools[0m

Showing logs for build [32mcb-kubecd-environment-pr-187-16-dj88p-1[0m stage [32mfrom-build-pack[0m and container [32mstep-git-source-cb-kubecd-environment-pr-187-16-dj88p-5xmvk[0m
{"level":"warn","ts":1585047058.9784672,"logger":"fallback-logger","caller":"logging/config.go:69","msg":"Fetch GitHub commit ID from kodata failed: \"ref: refs/heads/0.8.0-**-support-backwards-incompats\" is not a valid GitHub commit ID"}
{"level":"info","ts":1585047060.0597532,"logger":"fallback-logger","caller":"git/git.go:103","msg":"Successfully cloned https://github.com/cb-kubecd/environment-pr-187-161-boot-gke-staging.git @ master in path /workspace/source"}

Showing logs for build [32mcb-kubecd-environment-pr-187-16-dj88p-1[0m stage [32mfrom-build-pack[0m and container [32mstep-git-merge[0m
Using SHAs from PULL_REFS=master:99906e060993c2cbe0f50defc541371d11429a9b,2:32cb3ee87f47ed7c847e76bed0d07c18d6ab8b59
DEBUG: LC_ALL=C JX_LOG_LEVEL=error git fetch origin --unshallow 32cb3ee87f47ed7c847e76bed0d07c18d6ab8b59: 99906e060993c2cbe0f50defc541371d11429a9b:
DEBUG: ran git fetch --unshallow origin 32cb3ee87f47ed7c847e76bed0d07c18d6ab8b59: 99906e060993c2cbe0f50defc541371d11429a9b: in 
DEBUG: LC_ALL=C JX_LOG_LEVEL=error git branch
DEBUG: LC_ALL=C JX_LOG_LEVEL=error git checkout master
DEBUG: ran git checkout master in 
DEBUG: LC_ALL=C JX_LOG_LEVEL=error git reset --hard 99906e060993c2cbe0f50defc541371d11429a9b
DEBUG: ran git reset --hard 99906e060993c2cbe0f50defc541371d11429a9b in 
DEBUG: LC_ALL=C JX_LOG_LEVEL=error git clean -fd .
DEBUG: ran clean --force -d . in 
DEBUG: JX_LOG_LEVEL=error LC_ALL=C git merge 32cb3ee87f47ed7c847e76bed0d07c18d6ab8b59
DEBUG: ran git merge 32cb3ee87f47ed7c847e76bed0d07c18d6ab8b59 in 
DEBUG: LC_ALL=C JX_LOG_LEVEL=error git log --format=%H%x1f%an%x1f%ae%x1f%cn%x1f%ce%x1f%s%n%b%x1e 99906e060993c2cbe0f50defc541371d11429a9b..HEAD
Merged SHA 32cb3ee87f47ed7c847e76bed0d07c18d6ab8b59 with commit message 'chore: Promote bdd-sbhg-1585046686 to version 0.0.1' into base branch master

Showing logs for build [32mcb-kubecd-environment-pr-187-16-dj88p-1[0m stage [32mfrom-build-pack[0m and container [32mstep-build-helm-build[0m
WARNING: No $CHART_REPOSITORY defined so using the default value of: http://jenkins-x-chartmuseum:8080
Adding missing Helm repo: storage.googleapis.com https://storage.googleapis.com/chartmuseum.jenkins-x.io
WARNING: No secrets found on "helm/repos" due: reading the secret "helm/repos" from vault: no secret "helm/repos" not found in vault
Read credentials for https://storage.googleapis.com/chartmuseum.jenkins-x.io from vault helm/repos
Successfully added Helm repository storage.googleapis.com.
Adding missing Helm repo: jenkins-x-chartmuseum http://jenkins-x-chartmuseum:8080
WARNING: No secrets found on "helm/repos" due: reading the secret "helm/repos" from vault: no secret "helm/repos" not found in vault
Read credentials for http://jenkins-x-chartmuseum:8080 from vault helm/repos
Successfully added Helm repository jenkins-x-chartmuseum.
WARNING: No $CHART_REPOSITORY defined so using the default value of: http://jenkins-x-chartmuseum:8080
Adding missing Helm repo: chartmuseum.jenkins-x.io http://chartmuseum.jenkins-x.io
WARNING: No secrets found on "helm/repos" due: reading the secret "helm/repos" from vault: no secret "helm/repos" not found in vault
Read credentials for http://chartmuseum.jenkins-x.io from vault helm/repos
Successfully added Helm repository chartmuseum.jenkins-x.io.
