
Showing logs for build [32mcb-kubecd-environment-pr-187-16-g6597-1[0m stage [32mfrom-build-pack[0m and container [32mstep-credential-initializer-5cs4x[0m
{"level":"warn","ts":1585049100.007236,"logger":"fallback-logger","caller":"logging/config.go:69","msg":"Fetch GitHub commit ID from kodata failed: \"ref: refs/heads/0.8.0-**-support-backwards-incompats\" is not a valid GitHub commit ID"}
{"level":"info","ts":1585049100.0081434,"logger":"fallback-logger","caller":"creds-init/main.go:40","msg":"Credentials initialized."}

Showing logs for build [32mcb-kubecd-environment-pr-187-16-g6597-1[0m stage [32mfrom-build-pack[0m and container [32mstep-working-dir-initializer-8d9p7[0m
{"level":"warn","ts":1585049101.019353,"logger":"fallback-logger","caller":"logging/config.go:69","msg":"Fetch GitHub commit ID from kodata failed: open /var/run/ko/HEAD: no such file or directory"}
{"level":"info","ts":1585049101.0214212,"logger":"fallback-logger","caller":"bash/main.go:64","msg":"Successfully executed command \"sh -c mkdir -p /workspace/source\"; output "}

Showing logs for build [32mcb-kubecd-environment-pr-187-16-g6597-1[0m stage [32mfrom-build-pack[0m and container [32mstep-place-tools[0m

Showing logs for build [32mcb-kubecd-environment-pr-187-16-g6597-1[0m stage [32mfrom-build-pack[0m and container [32mstep-git-source-cb-kubecd-environment-pr-187-16-g6597-2759r[0m
{"level":"warn","ts":1585049106.2364717,"logger":"fallback-logger","caller":"logging/config.go:69","msg":"Fetch GitHub commit ID from kodata failed: \"ref: refs/heads/0.8.0-**-support-backwards-incompats\" is not a valid GitHub commit ID"}
{"level":"info","ts":1585049107.282228,"logger":"fallback-logger","caller":"git/git.go:103","msg":"Successfully cloned https://github.com/cb-kubecd/environment-pr-187-161-boot-gke-staging.git @ master in path /workspace/source"}

Showing logs for build [32mcb-kubecd-environment-pr-187-16-g6597-1[0m stage [32mfrom-build-pack[0m and container [32mstep-git-merge[0m
Using SHAs from PULL_REFS=master:c0cd3ead9e3bad26632b0ebc3c7279672c0f7605,5:dfc0a095d70d2ab224c1ff73ef8831fb13b4b40f
DEBUG: LC_ALL=C JX_LOG_LEVEL=error git fetch origin --unshallow dfc0a095d70d2ab224c1ff73ef8831fb13b4b40f: c0cd3ead9e3bad26632b0ebc3c7279672c0f7605:
DEBUG: ran git fetch --unshallow origin dfc0a095d70d2ab224c1ff73ef8831fb13b4b40f: c0cd3ead9e3bad26632b0ebc3c7279672c0f7605: in 
DEBUG: LC_ALL=C JX_LOG_LEVEL=error git branch
DEBUG: JX_LOG_LEVEL=error LC_ALL=C git checkout master
DEBUG: ran git checkout master in 
DEBUG: JX_LOG_LEVEL=error LC_ALL=C git reset --hard c0cd3ead9e3bad26632b0ebc3c7279672c0f7605
DEBUG: ran git reset --hard c0cd3ead9e3bad26632b0ebc3c7279672c0f7605 in 
DEBUG: LC_ALL=C JX_LOG_LEVEL=error git clean -fd .
DEBUG: ran clean --force -d . in 
DEBUG: LC_ALL=C JX_LOG_LEVEL=error git merge dfc0a095d70d2ab224c1ff73ef8831fb13b4b40f
DEBUG: ran git merge dfc0a095d70d2ab224c1ff73ef8831fb13b4b40f in 
DEBUG: LC_ALL=C JX_LOG_LEVEL=error git log --format=%H%x1f%an%x1f%ae%x1f%cn%x1f%ce%x1f%s%n%b%x1e c0cd3ead9e3bad26632b0ebc3c7279672c0f7605..HEAD
Merged SHA dfc0a095d70d2ab224c1ff73ef8831fb13b4b40f with commit message 'chore: Promote bdd-sbhg-import-1585048875 to version 0.0.1' into base branch master

Showing logs for build [32mcb-kubecd-environment-pr-187-16-g6597-1[0m stage [32mfrom-build-pack[0m and container [32mstep-build-helm-build[0m
WARNING: No $CHART_REPOSITORY defined so using the default value of: http://jenkins-x-chartmuseum:8080
Adding missing Helm repo: storage.googleapis.com https://storage.googleapis.com/chartmuseum.jenkins-x.io
WARNING: No secrets found on "helm/repos" due: reading the secret "helm/repos" from vault: no secret "helm/repos" not found in vault
Read credentials for https://storage.googleapis.com/chartmuseum.jenkins-x.io from vault helm/repos
Successfully added Helm repository storage.googleapis.com.
Adding missing Helm repo: jenkins-x-chartmuseum http://jenkins-x-chartmuseum:8080
WARNING: No secrets found on "helm/repos" due: reading the secret "helm/repos" from vault: no secret "helm/repos" not found in vault
Read credentials for http://jenkins-x-chartmuseum:8080 from vault helm/repos
Successfully added Helm repository jenkins-x-chartmuseum.
WARNING: No $CHART_REPOSITORY defined so using the default value of: http://jenkins-x-chartmuseum:8080
Adding missing Helm repo: chartmuseum.jenkins-x.io http://chartmuseum.jenkins-x.io
WARNING: No secrets found on "helm/repos" due: reading the secret "helm/repos" from vault: no secret "helm/repos" not found in vault
Read credentials for http://chartmuseum.jenkins-x.io from vault helm/repos
Successfully added Helm repository chartmuseum.jenkins-x.io.
